<?xml version="1.0" encoding="UTF-8"?>
<!-- Generated by org.testng.reporters.JUnitXMLReporter -->
<testsuite ignored="1" hostname="happybirth" failures="0" tests="6" name="Run On CHROME" time="28.072" errors="0" timestamp="2025-04-10T18:20:46 ICT">
  <testcase classname="com.OrangeHRM.admin.Login" name="TC_01_Login_Page_Not_User" time="1.124"/>
  <testcase classname="com.OrangeHRM.admin.Login" name="TC_02_Login_Page_Not_Password" time="0.945"/>
  <testcase classname="com.OrangeHRM.admin.Login" name="TC_03_Login_Page_Wrong_User" time="1.788"/>
  <testcase classname="com.OrangeHRM.admin.Login" name="TC_04_Login_Page_Wrong_Password" time="2.075"/>
  <testcase classname="com.OrangeHRM.admin.Login" name="TC_05_Login_Page_Successfull" time="0.878"/>
  <testcase classname="com.OrangeHRM.pim.AddEmployee" name="TC_01_Creat_New_Employee" time="7.669"/>
  <testcase classname="commons.BaseTest" name="@BeforeSuite initBeforeSuite" time="0.0">
    <ignored/>
  </testcase> <!-- @BeforeSuite initBeforeSuite -->
</testsuite> <!-- Run On CHROME -->
