<?xml version="1.0" encoding="UTF-8"?>
<!-- Generated by org.testng.reporters.JUnitXMLReporter -->
<testsuite ignored="1" hostname="happybirth" failures="0" tests="6" name="Run On EDGE" time="37.027" errors="0" timestamp="2024-10-13T11:50:53 ICT">
  <testcase classname="com.OrangeHRM.admin.Login" name="TC_01_Login_Page_Not_User" time="0.914"/>
  <testcase classname="com.OrangeHRM.admin.Login" name="TC_02_Login_Page_Not_Password" time="1.073"/>
  <testcase classname="com.OrangeHRM.admin.Login" name="TC_03_Login_Page_Wrong_User" time="1.981"/>
  <testcase classname="com.OrangeHRM.admin.Login" name="TC_04_Login_Page_Wrong_Password" time="2.239"/>
  <testcase classname="com.OrangeHRM.admin.Login" name="TC_05_Login_Page_Successfull" time="2.063"/>
  <testcase classname="com.OrangeHRM.pim.AddEmployee" name="TC_01_Creat_New_Employee" time="7.512"/>
  <testcase classname="commons.BaseTest" name="@BeforeSuite initBeforeSuite" time="0.0">
    <ignored/>
  </testcase> <!-- @BeforeSuite initBeforeSuite -->
</testsuite> <!-- Run On EDGE -->
