<?xml version="1.0" encoding="UTF-8"?>
<testsuite xmlns:xsi="http://www.w3.org/2001/XMLSchema-instance" xsi:noNamespaceSchemaLocation="https://maven.apache.org/surefire/maven-surefire-plugin/xsd/surefire-test-report-3.0.xsd" version="3.0" name="TestSuite" time="43.22" tests="6" errors="0" skipped="0" failures="0">
  <properties>
[...]
</properties>
  <testcase name="TC_01_Login_Page_Not_User" classname="com.OrangeHRM.admin.Login" time="1.243">
    <system-err><![CDATA[SLF4J: Failed to load class "org.slf4j.impl.StaticLoggerBinder".
SLF4J: Defaulting to no-operation (NOP) logger implementation
SLF4J: See http://www.slf4j.org/codes.html#StaticLoggerBinder for further details.
thg 10 13, 2024 6:18:10 CH com.OrangeHRM.admin.Login verifyTrue
INFO: ---------------------- Passed -----------------------
]]></system-err>
  </testcase>
  <testcase name="TC_02_Login_Page_Not_Password" classname="com.OrangeHRM.admin.Login" time="1.3">
    <system-err><![CDATA[thg 10 13, 2024 6:18:12 CH com.OrangeHRM.admin.Login verifyEquals
INFO: ---------------------- Passed -----------------------
]]></system-err>
  </testcase>
  <testcase name="TC_03_Login_Page_Wrong_User" classname="com.OrangeHRM.admin.Login" time="2.209">
    <system-err><![CDATA[thg 10 13, 2024 6:18:14 CH com.OrangeHRM.admin.Login verifyEquals
INFO: ---------------------- Passed -----------------------
]]></system-err>
  </testcase>
  <testcase name="TC_04_Login_Page_Wrong_Password" classname="com.OrangeHRM.admin.Login" time="2.425">
    <system-err><![CDATA[thg 10 13, 2024 6:18:16 CH com.OrangeHRM.admin.Login verifyEquals
INFO: ---------------------- Passed -----------------------
]]></system-err>
  </testcase>
  <testcase name="TC_05_Login_Page_Successfull" classname="com.OrangeHRM.admin.Login" time="2.693"/>
  <testcase name="TC_01_Creat_New_Employee" classname="com.OrangeHRM.pim.AddEmployee" time="7.256">
    <system-err><![CDATA[thg 10 13, 2024 6:18:19 CH com.OrangeHRM.admin.Login closeBrowserDriver
INFO: OS name = windows 10
thg 10 13, 2024 6:18:19 CH com.OrangeHRM.admin.Login closeBrowserDriver
INFO: Driver instance name = firefoxdriver: firefox on windows (ebaad3de-0501-4f88-a729-1e7866105b7f)
]]></system-err>
  </testcase>
</testsuite>