<?xml version="1.0" encoding="UTF-8"?>
<testng-results ignored="0" total="12" passed="12" failed="0" skipped="0">
  <reporter-output>
  </reporter-output>
  <suite started-at="2025-04-10T18:19:40 ICT" name="OrangeHRM" finished-at="2025-04-10T18:20:46 ICT" duration-ms="65758">
    <groups>
    </groups>
    <test started-at="2025-04-10T18:19:40 ICT" name="Run On FIREFOX" finished-at="2025-04-10T18:20:18 ICT" duration-ms="37645">
      <class name="com.OrangeHRM.admin.Login">
        <test-method is-config="true" signature="beforeClass(java.lang.String,java.lang.String,java.lang.String,java.lang.String,java.lang.String,java.lang.String,java.lang.String,java.lang.String)[pri:0, instance:com.OrangeHRM.admin.Login@376e7531]" started-at="2025-04-10T18:19:40 ICT" name="beforeClass" finished-at="2025-04-10T18:19:46 ICT" duration-ms="5609" status="PASS">
          <params>
            <param index="0">
              <value>
                <![CDATA[local]]>
              </value>
            </param>
            <param index="1">
              <value>
                <![CDATA[dev]]>
              </value>
            </param>
            <param index="2">
              <value>
                <![CDATA[firefox]]>
              </value>
            </param>
            <param index="3">
              <value>
                <![CDATA[localhost]]>
              </value>
            </param>
            <param index="4">
              <value>
                <![CDATA[4444]]>
              </value>
            </param>
            <param index="5">
              <value>
                <![CDATA[windows]]>
              </value>
            </param>
            <param index="6">
              <value>
                <![CDATA[10]]>
              </value>
            </param>
            <param index="7">
              <value>
                <![CDATA[local]]>
              </value>
            </param>
          </params>
          <reporter-output>
          </reporter-output>
        </test-method> <!-- beforeClass -->
        <test-method signature="TC_01_Login_Page_Not_User()[pri:0, instance:com.OrangeHRM.admin.Login@376e7531]" started-at="2025-04-10T18:19:46 ICT" name="TC_01_Login_Page_Not_User" finished-at="2025-04-10T18:19:47 ICT" duration-ms="1048" status="PASS">
          <reporter-output>
          </reporter-output>
        </test-method> <!-- TC_01_Login_Page_Not_User -->
        <test-method signature="TC_02_Login_Page_Not_Password()[pri:0, instance:com.OrangeHRM.admin.Login@376e7531]" started-at="2025-04-10T18:19:47 ICT" name="TC_02_Login_Page_Not_Password" finished-at="2025-04-10T18:19:48 ICT" duration-ms="1346" status="PASS">
          <reporter-output>
          </reporter-output>
        </test-method> <!-- TC_02_Login_Page_Not_Password -->
        <test-method signature="TC_03_Login_Page_Wrong_User()[pri:0, instance:com.OrangeHRM.admin.Login@376e7531]" started-at="2025-04-10T18:19:48 ICT" name="TC_03_Login_Page_Wrong_User" finished-at="2025-04-10T18:19:50 ICT" duration-ms="2114" status="PASS">
          <reporter-output>
          </reporter-output>
        </test-method> <!-- TC_03_Login_Page_Wrong_User -->
        <test-method signature="TC_04_Login_Page_Wrong_Password()[pri:0, instance:com.OrangeHRM.admin.Login@376e7531]" started-at="2025-04-10T18:19:50 ICT" name="TC_04_Login_Page_Wrong_Password" finished-at="2025-04-10T18:19:53 ICT" duration-ms="2342" status="PASS">
          <reporter-output>
          </reporter-output>
        </test-method> <!-- TC_04_Login_Page_Wrong_Password -->
        <test-method signature="TC_05_Login_Page_Successfull()[pri:0, instance:com.OrangeHRM.admin.Login@376e7531]" started-at="2025-04-10T18:19:53 ICT" name="TC_05_Login_Page_Successfull" finished-at="2025-04-10T18:19:55 ICT" duration-ms="2329" status="PASS">
          <reporter-output>
          </reporter-output>
        </test-method> <!-- TC_05_Login_Page_Successfull -->
        <test-method is-config="true" signature="afterClass()[pri:0, instance:com.OrangeHRM.admin.Login@376e7531]" started-at="2025-04-10T18:19:55 ICT" name="afterClass" finished-at="2025-04-10T18:19:56 ICT" duration-ms="1212" status="PASS">
          <reporter-output>
          </reporter-output>
        </test-method> <!-- afterClass -->
      </class> <!-- com.OrangeHRM.admin.Login -->
      <class name="com.OrangeHRM.pim.AddEmployee">
        <test-method is-config="true" signature="beforeClass(java.lang.String,java.lang.String,java.lang.String,java.lang.String,java.lang.String,java.lang.String,java.lang.String,java.lang.String)[pri:0, instance:com.OrangeHRM.pim.AddEmployee@8ff5094]" started-at="2025-04-10T18:19:56 ICT" name="beforeClass" finished-at="2025-04-10T18:20:09 ICT" duration-ms="13117" status="PASS">
          <params>
            <param index="0">
              <value>
                <![CDATA[local]]>
              </value>
            </param>
            <param index="1">
              <value>
                <![CDATA[dev]]>
              </value>
            </param>
            <param index="2">
              <value>
                <![CDATA[firefox]]>
              </value>
            </param>
            <param index="3">
              <value>
                <![CDATA[localhost]]>
              </value>
            </param>
            <param index="4">
              <value>
                <![CDATA[4444]]>
              </value>
            </param>
            <param index="5">
              <value>
                <![CDATA[windows]]>
              </value>
            </param>
            <param index="6">
              <value>
                <![CDATA[10]]>
              </value>
            </param>
            <param index="7">
              <value>
                <![CDATA[local]]>
              </value>
            </param>
          </params>
          <reporter-output>
          </reporter-output>
        </test-method> <!-- beforeClass -->
        <test-method signature="TC_01_Creat_New_Employee()[pri:0, instance:com.OrangeHRM.pim.AddEmployee@8ff5094]" started-at="2025-04-10T18:20:09 ICT" name="TC_01_Creat_New_Employee" finished-at="2025-04-10T18:20:17 ICT" duration-ms="7237" status="PASS">
          <reporter-output>
          </reporter-output>
        </test-method> <!-- TC_01_Creat_New_Employee -->
        <test-method is-config="true" signature="afterClass()[pri:0, instance:com.OrangeHRM.pim.AddEmployee@8ff5094]" started-at="2025-04-10T18:20:17 ICT" name="afterClass" finished-at="2025-04-10T18:20:18 ICT" duration-ms="1057" status="PASS">
          <reporter-output>
          </reporter-output>
        </test-method> <!-- afterClass -->
      </class> <!-- com.OrangeHRM.pim.AddEmployee -->
    </test> <!-- Run On FIREFOX -->
    <test started-at="2025-04-10T18:20:18 ICT" name="Run On CHROME" finished-at="2025-04-10T18:20:46 ICT" duration-ms="28072">
      <class name="com.OrangeHRM.admin.Login">
        <test-method is-config="true" signature="initBeforeSuite()[pri:0, instance:com.OrangeHRM.admin.Login@5edf2821]" started-at="2025-04-10T18:19:40 ICT" name="initBeforeSuite" finished-at="2025-04-10T18:19:40 ICT" duration-ms="43" status="PASS">
          <reporter-output>
          </reporter-output>
        </test-method> <!-- initBeforeSuite -->
        <test-method is-config="true" signature="beforeClass(java.lang.String,java.lang.String,java.lang.String,java.lang.String,java.lang.String,java.lang.String,java.lang.String,java.lang.String)[pri:0, instance:com.OrangeHRM.admin.Login@5edf2821]" started-at="2025-04-10T18:20:18 ICT" name="beforeClass" finished-at="2025-04-10T18:20:19 ICT" duration-ms="1649" status="PASS">
          <params>
            <param index="0">
              <value>
                <![CDATA[local]]>
              </value>
            </param>
            <param index="1">
              <value>
                <![CDATA[test]]>
              </value>
            </param>
            <param index="2">
              <value>
                <![CDATA[chrome]]>
              </value>
            </param>
            <param index="3">
              <value>
                <![CDATA[localhost]]>
              </value>
            </param>
            <param index="4">
              <value>
                <![CDATA[4444]]>
              </value>
            </param>
            <param index="5">
              <value>
                <![CDATA[windows]]>
              </value>
            </param>
            <param index="6">
              <value>
                <![CDATA[10]]>
              </value>
            </param>
            <param index="7">
              <value>
                <![CDATA[local]]>
              </value>
            </param>
          </params>
          <reporter-output>
          </reporter-output>
        </test-method> <!-- beforeClass -->
        <test-method signature="TC_01_Login_Page_Not_User()[pri:0, instance:com.OrangeHRM.admin.Login@5edf2821]" started-at="2025-04-10T18:20:19 ICT" name="TC_01_Login_Page_Not_User" finished-at="2025-04-10T18:20:20 ICT" duration-ms="1124" status="PASS">
          <reporter-output>
          </reporter-output>
        </test-method> <!-- TC_01_Login_Page_Not_User -->
        <test-method signature="TC_02_Login_Page_Not_Password()[pri:0, instance:com.OrangeHRM.admin.Login@5edf2821]" started-at="2025-04-10T18:20:20 ICT" name="TC_02_Login_Page_Not_Password" finished-at="2025-04-10T18:20:21 ICT" duration-ms="945" status="PASS">
          <reporter-output>
          </reporter-output>
        </test-method> <!-- TC_02_Login_Page_Not_Password -->
        <test-method signature="TC_03_Login_Page_Wrong_User()[pri:0, instance:com.OrangeHRM.admin.Login@5edf2821]" started-at="2025-04-10T18:20:21 ICT" name="TC_03_Login_Page_Wrong_User" finished-at="2025-04-10T18:20:23 ICT" duration-ms="1788" status="PASS">
          <reporter-output>
          </reporter-output>
        </test-method> <!-- TC_03_Login_Page_Wrong_User -->
        <test-method signature="TC_04_Login_Page_Wrong_Password()[pri:0, instance:com.OrangeHRM.admin.Login@5edf2821]" started-at="2025-04-10T18:20:23 ICT" name="TC_04_Login_Page_Wrong_Password" finished-at="2025-04-10T18:20:25 ICT" duration-ms="2075" status="PASS">
          <reporter-output>
          </reporter-output>
        </test-method> <!-- TC_04_Login_Page_Wrong_Password -->
        <test-method signature="TC_05_Login_Page_Successfull()[pri:0, instance:com.OrangeHRM.admin.Login@5edf2821]" started-at="2025-04-10T18:20:25 ICT" name="TC_05_Login_Page_Successfull" finished-at="2025-04-10T18:20:26 ICT" duration-ms="878" status="PASS">
          <reporter-output>
          </reporter-output>
        </test-method> <!-- TC_05_Login_Page_Successfull -->
        <test-method is-config="true" signature="afterClass()[pri:0, instance:com.OrangeHRM.admin.Login@5edf2821]" started-at="2025-04-10T18:20:26 ICT" name="afterClass" finished-at="2025-04-10T18:20:28 ICT" duration-ms="1468" status="PASS">
          <reporter-output>
          </reporter-output>
        </test-method> <!-- afterClass -->
      </class> <!-- com.OrangeHRM.admin.Login -->
      <class name="com.OrangeHRM.pim.AddEmployee">
        <test-method is-config="true" signature="beforeClass(java.lang.String,java.lang.String,java.lang.String,java.lang.String,java.lang.String,java.lang.String,java.lang.String,java.lang.String)[pri:0, instance:com.OrangeHRM.pim.AddEmployee@4dbad37]" started-at="2025-04-10T18:20:28 ICT" name="beforeClass" finished-at="2025-04-10T18:20:38 ICT" duration-ms="10144" status="PASS">
          <params>
            <param index="0">
              <value>
                <![CDATA[local]]>
              </value>
            </param>
            <param index="1">
              <value>
                <![CDATA[test]]>
              </value>
            </param>
            <param index="2">
              <value>
                <![CDATA[chrome]]>
              </value>
            </param>
            <param index="3">
              <value>
                <![CDATA[localhost]]>
              </value>
            </param>
            <param index="4">
              <value>
                <![CDATA[4444]]>
              </value>
            </param>
            <param index="5">
              <value>
                <![CDATA[windows]]>
              </value>
            </param>
            <param index="6">
              <value>
                <![CDATA[10]]>
              </value>
            </param>
            <param index="7">
              <value>
                <![CDATA[local]]>
              </value>
            </param>
          </params>
          <reporter-output>
          </reporter-output>
        </test-method> <!-- beforeClass -->
        <test-method signature="TC_01_Creat_New_Employee()[pri:0, instance:com.OrangeHRM.pim.AddEmployee@4dbad37]" started-at="2025-04-10T18:20:38 ICT" name="TC_01_Creat_New_Employee" finished-at="2025-04-10T18:20:45 ICT" duration-ms="7669" status="PASS">
          <reporter-output>
          </reporter-output>
        </test-method> <!-- TC_01_Creat_New_Employee -->
        <test-method is-config="true" signature="afterClass()[pri:0, instance:com.OrangeHRM.pim.AddEmployee@4dbad37]" started-at="2025-04-10T18:20:45 ICT" name="afterClass" finished-at="2025-04-10T18:20:46 ICT" duration-ms="317" status="PASS">
          <reporter-output>
          </reporter-output>
        </test-method> <!-- afterClass -->
      </class> <!-- com.OrangeHRM.pim.AddEmployee -->
    </test> <!-- Run On CHROME -->
  </suite> <!-- OrangeHRM -->
</testng-results>
