<?xml version="1.0" encoding="UTF-8"?>
<testsuite xmlns:xsi="http://www.w3.org/2001/XMLSchema-instance" xsi:noNamespaceSchemaLocation="https://maven.apache.org/surefire/maven-surefire-plugin/xsd/surefire-test-report-3.0.xsd" version="3.0" name="TestSuite" time="105.721" tests="18" errors="0" skipped="0" failures="0">
  <properties>
[...]
</properties>
  <testcase name="TC_01_Login_Page_Not_User" classname="com.OrangeHRM.admin.Login" time="1.722">
    <system-err><![CDATA[SLF4J: Failed to load class "org.slf4j.impl.StaticLoggerBinder".
SLF4J: Defaulting to no-operation (NOP) logger implementation
SLF4J: See http://www.slf4j.org/codes.html#StaticLoggerBinder for further details.
thg 10 14, 2024 11:22:14 SA com.OrangeHRM.admin.Login verifyTrue
INFO: ---------------------- Passed -----------------------
]]></system-err>
  </testcase>
  <testcase name="TC_01_Login_Page_Not_User" classname="com.OrangeHRM.admin.Login" time="1.256">
    <system-err><![CDATA[thg 10 14, 2024 11:22:45 SA com.OrangeHRM.pim.AddEmployee closeBrowserDriver
INFO: OS name = windows 10
thg 10 14, 2024 11:22:45 SA com.OrangeHRM.pim.AddEmployee closeBrowserDriver
INFO: Driver instance name = firefoxdriver: firefox on windows (4ea0d57e-3818-4693-9fb4-d4e0b64566fd)
thg 10 14, 2024 11:22:50 SA com.OrangeHRM.admin.Login verifyTrue
INFO: ---------------------- Passed -----------------------
]]></system-err>
  </testcase>
  <testcase name="TC_01_Login_Page_Not_User" classname="com.OrangeHRM.admin.Login" time="1.349">
    <system-err><![CDATA[thg 10 14, 2024 11:23:15 SA com.OrangeHRM.pim.AddEmployee closeBrowserDriver
INFO: OS name = windows 10
thg 10 14, 2024 11:23:15 SA com.OrangeHRM.pim.AddEmployee closeBrowserDriver
INFO: Driver instance name = chromedriver: chrome on windows (6349c3bcf1dad95a1e237c06819dfd12)
thg 10 14, 2024 11:23:20 SA com.OrangeHRM.admin.Login verifyTrue
INFO: ---------------------- Passed -----------------------
]]></system-err>
  </testcase>
  <testcase name="TC_02_Login_Page_Not_Password" classname="com.OrangeHRM.admin.Login" time="1.596">
    <system-err><![CDATA[thg 10 14, 2024 11:22:15 SA com.OrangeHRM.admin.Login verifyEquals
INFO: ---------------------- Passed -----------------------
]]></system-err>
  </testcase>
  <testcase name="TC_02_Login_Page_Not_Password" classname="com.OrangeHRM.admin.Login" time="1.081">
    <system-err><![CDATA[thg 10 14, 2024 11:22:51 SA com.OrangeHRM.admin.Login verifyEquals
INFO: ---------------------- Passed -----------------------
]]></system-err>
  </testcase>
  <testcase name="TC_02_Login_Page_Not_Password" classname="com.OrangeHRM.admin.Login" time="1.089">
    <system-err><![CDATA[thg 10 14, 2024 11:23:21 SA com.OrangeHRM.admin.Login verifyEquals
INFO: ---------------------- Passed -----------------------
]]></system-err>
  </testcase>
  <testcase name="TC_03_Login_Page_Wrong_User" classname="com.OrangeHRM.admin.Login" time="2.264">
    <system-err><![CDATA[thg 10 14, 2024 11:22:18 SA com.OrangeHRM.admin.Login verifyEquals
INFO: ---------------------- Passed -----------------------
]]></system-err>
  </testcase>
  <testcase name="TC_03_Login_Page_Wrong_User" classname="com.OrangeHRM.admin.Login" time="2.015">
    <system-err><![CDATA[thg 10 14, 2024 11:22:53 SA com.OrangeHRM.admin.Login verifyEquals
INFO: ---------------------- Passed -----------------------
]]></system-err>
  </testcase>
  <testcase name="TC_03_Login_Page_Wrong_User" classname="com.OrangeHRM.admin.Login" time="1.955">
    <system-err><![CDATA[thg 10 14, 2024 11:23:23 SA com.OrangeHRM.admin.Login verifyEquals
INFO: ---------------------- Passed -----------------------
]]></system-err>
  </testcase>
  <testcase name="TC_04_Login_Page_Wrong_Password" classname="com.OrangeHRM.admin.Login" time="2.612">
    <system-err><![CDATA[thg 10 14, 2024 11:22:20 SA com.OrangeHRM.admin.Login verifyEquals
INFO: ---------------------- Passed -----------------------
]]></system-err>
  </testcase>
  <testcase name="TC_04_Login_Page_Wrong_Password" classname="com.OrangeHRM.admin.Login" time="2.279">
    <system-err><![CDATA[thg 10 14, 2024 11:22:55 SA com.OrangeHRM.admin.Login verifyEquals
INFO: ---------------------- Passed -----------------------
]]></system-err>
  </testcase>
  <testcase name="TC_04_Login_Page_Wrong_Password" classname="com.OrangeHRM.admin.Login" time="2.274">
    <system-err><![CDATA[thg 10 14, 2024 11:23:25 SA com.OrangeHRM.admin.Login verifyEquals
INFO: ---------------------- Passed -----------------------
]]></system-err>
  </testcase>
  <testcase name="TC_05_Login_Page_Successfull" classname="com.OrangeHRM.admin.Login" time="2.443"/>
  <testcase name="TC_05_Login_Page_Successfull" classname="com.OrangeHRM.admin.Login" time="0.978"/>
  <testcase name="TC_05_Login_Page_Successfull" classname="com.OrangeHRM.admin.Login" time="2.113"/>
  <testcase name="TC_01_Creat_New_Employee" classname="com.OrangeHRM.pim.AddEmployee" time="7.269">
    <system-err><![CDATA[thg 10 14, 2024 11:22:23 SA com.OrangeHRM.admin.Login closeBrowserDriver
INFO: OS name = windows 10
thg 10 14, 2024 11:22:23 SA com.OrangeHRM.admin.Login closeBrowserDriver
INFO: Driver instance name = firefoxdriver: firefox on windows (fba2e0e6-a032-4ae3-b81a-bae752a5305d)
]]></system-err>
  </testcase>
  <testcase name="TC_01_Creat_New_Employee" classname="com.OrangeHRM.pim.AddEmployee" time="7.438">
    <system-err><![CDATA[thg 10 14, 2024 11:22:56 SA com.OrangeHRM.admin.Login closeBrowserDriver
INFO: OS name = windows 10
thg 10 14, 2024 11:22:56 SA com.OrangeHRM.admin.Login closeBrowserDriver
INFO: Driver instance name = chromedriver: chrome on windows (77153291ebd96dd68aef4490f4e58acd)
]]></system-err>
  </testcase>
  <testcase name="TC_01_Creat_New_Employee" classname="com.OrangeHRM.pim.AddEmployee" time="7.62">
    <system-err><![CDATA[thg 10 14, 2024 11:23:27 SA com.OrangeHRM.admin.Login closeBrowserDriver
INFO: OS name = windows 10
thg 10 14, 2024 11:23:27 SA com.OrangeHRM.admin.Login closeBrowserDriver
INFO: Driver instance name = edgedriver: microsoftedge on windows (5f8a5e226c3e96f062da18c8085cad64)
]]></system-err>
  </testcase>
</testsuite>