<?xml version="1.0" encoding="UTF-8"?>
<testng-results ignored="0" total="12" passed="12" failed="0" skipped="0">
  <reporter-output>
  </reporter-output>
  <suite started-at="2025-04-11T16:02:56 ICT" name="OrangeHRM" finished-at="2025-04-11T16:04:05 ICT" duration-ms="68468">
    <groups>
    </groups>
    <test started-at="2025-04-11T16:02:56 ICT" name="Run On FIREFOX" finished-at="2025-04-11T16:03:36 ICT" duration-ms="39663">
      <class name="com.OrangeHRM.admin.Login">
        <test-method is-config="true" signature="beforeClass(java.lang.String,java.lang.String,java.lang.String,java.lang.String,java.lang.String,java.lang.String,java.lang.String,java.lang.String)[pri:0, instance:com.OrangeHRM.admin.Login@670ce331]" started-at="2025-04-11T16:02:56 ICT" name="beforeClass" finished-at="2025-04-11T16:03:03 ICT" duration-ms="6586" status="PASS">
          <params>
            <param index="0">
              <value>
                <![CDATA[local]]>
              </value>
            </param>
            <param index="1">
              <value>
                <![CDATA[dev]]>
              </value>
            </param>
            <param index="2">
              <value>
                <![CDATA[firefox]]>
              </value>
            </param>
            <param index="3">
              <value>
                <![CDATA[localhost]]>
              </value>
            </param>
            <param index="4">
              <value>
                <![CDATA[4444]]>
              </value>
            </param>
            <param index="5">
              <value>
                <![CDATA[windows]]>
              </value>
            </param>
            <param index="6">
              <value>
                <![CDATA[10]]>
              </value>
            </param>
            <param index="7">
              <value>
                <![CDATA[local]]>
              </value>
            </param>
          </params>
          <reporter-output>
          </reporter-output>
        </test-method> <!-- beforeClass -->
        <test-method signature="TC_01_Login_Page_Not_User()[pri:0, instance:com.OrangeHRM.admin.Login@670ce331]" started-at="2025-04-11T16:03:03 ICT" name="TC_01_Login_Page_Not_User" finished-at="2025-04-11T16:03:04 ICT" duration-ms="1213" status="PASS">
          <reporter-output>
          </reporter-output>
        </test-method> <!-- TC_01_Login_Page_Not_User -->
        <test-method signature="TC_02_Login_Page_Not_Password()[pri:0, instance:com.OrangeHRM.admin.Login@670ce331]" started-at="2025-04-11T16:03:04 ICT" name="TC_02_Login_Page_Not_Password" finished-at="2025-04-11T16:03:06 ICT" duration-ms="1391" status="PASS">
          <reporter-output>
          </reporter-output>
        </test-method> <!-- TC_02_Login_Page_Not_Password -->
        <test-method signature="TC_03_Login_Page_Wrong_User()[pri:0, instance:com.OrangeHRM.admin.Login@670ce331]" started-at="2025-04-11T16:03:06 ICT" name="TC_03_Login_Page_Wrong_User" finished-at="2025-04-11T16:03:08 ICT" duration-ms="2192" status="PASS">
          <reporter-output>
          </reporter-output>
        </test-method> <!-- TC_03_Login_Page_Wrong_User -->
        <test-method signature="TC_04_Login_Page_Wrong_Password()[pri:0, instance:com.OrangeHRM.admin.Login@670ce331]" started-at="2025-04-11T16:03:08 ICT" name="TC_04_Login_Page_Wrong_Password" finished-at="2025-04-11T16:03:10 ICT" duration-ms="2465" status="PASS">
          <reporter-output>
          </reporter-output>
        </test-method> <!-- TC_04_Login_Page_Wrong_Password -->
        <test-method signature="TC_05_Login_Page_Successfull()[pri:0, instance:com.OrangeHRM.admin.Login@670ce331]" started-at="2025-04-11T16:03:10 ICT" name="TC_05_Login_Page_Successfull" finished-at="2025-04-11T16:03:13 ICT" duration-ms="2535" status="PASS">
          <reporter-output>
          </reporter-output>
        </test-method> <!-- TC_05_Login_Page_Successfull -->
        <test-method is-config="true" signature="afterClass()[pri:0, instance:com.OrangeHRM.admin.Login@670ce331]" started-at="2025-04-11T16:03:13 ICT" name="afterClass" finished-at="2025-04-11T16:03:14 ICT" duration-ms="1216" status="PASS">
          <reporter-output>
          </reporter-output>
        </test-method> <!-- afterClass -->
      </class> <!-- com.OrangeHRM.admin.Login -->
      <class name="com.OrangeHRM.pim.AddEmployee">
        <test-method is-config="true" signature="beforeClass(java.lang.String,java.lang.String,java.lang.String,java.lang.String,java.lang.String,java.lang.String,java.lang.String,java.lang.String)[pri:0, instance:com.OrangeHRM.pim.AddEmployee@514cd540]" started-at="2025-04-11T16:03:14 ICT" name="beforeClass" finished-at="2025-04-11T16:03:28 ICT" duration-ms="13416" status="PASS">
          <params>
            <param index="0">
              <value>
                <![CDATA[local]]>
              </value>
            </param>
            <param index="1">
              <value>
                <![CDATA[dev]]>
              </value>
            </param>
            <param index="2">
              <value>
                <![CDATA[firefox]]>
              </value>
            </param>
            <param index="3">
              <value>
                <![CDATA[localhost]]>
              </value>
            </param>
            <param index="4">
              <value>
                <![CDATA[4444]]>
              </value>
            </param>
            <param index="5">
              <value>
                <![CDATA[windows]]>
              </value>
            </param>
            <param index="6">
              <value>
                <![CDATA[10]]>
              </value>
            </param>
            <param index="7">
              <value>
                <![CDATA[local]]>
              </value>
            </param>
          </params>
          <reporter-output>
          </reporter-output>
        </test-method> <!-- beforeClass -->
        <test-method signature="TC_01_Creat_New_Employee()[pri:0, instance:com.OrangeHRM.pim.AddEmployee@514cd540]" started-at="2025-04-11T16:03:28 ICT" name="TC_01_Creat_New_Employee" finished-at="2025-04-11T16:03:35 ICT" duration-ms="7322" status="PASS">
          <reporter-output>
          </reporter-output>
        </test-method> <!-- TC_01_Creat_New_Employee -->
        <test-method is-config="true" signature="afterClass()[pri:0, instance:com.OrangeHRM.pim.AddEmployee@514cd540]" started-at="2025-04-11T16:03:35 ICT" name="afterClass" finished-at="2025-04-11T16:03:36 ICT" duration-ms="1078" status="PASS">
          <reporter-output>
          </reporter-output>
        </test-method> <!-- afterClass -->
      </class> <!-- com.OrangeHRM.pim.AddEmployee -->
    </test> <!-- Run On FIREFOX -->
    <test started-at="2025-04-11T16:03:36 ICT" name="Run On CHROME" finished-at="2025-04-11T16:04:05 ICT" duration-ms="28765">
      <class name="com.OrangeHRM.admin.Login">
        <test-method is-config="true" signature="initBeforeSuite()[pri:0, instance:com.OrangeHRM.admin.Login@77e7246b]" started-at="2025-04-11T16:02:56 ICT" name="initBeforeSuite" finished-at="2025-04-11T16:02:56 ICT" duration-ms="43" status="PASS">
          <reporter-output>
          </reporter-output>
        </test-method> <!-- initBeforeSuite -->
        <test-method is-config="true" signature="beforeClass(java.lang.String,java.lang.String,java.lang.String,java.lang.String,java.lang.String,java.lang.String,java.lang.String,java.lang.String)[pri:0, instance:com.OrangeHRM.admin.Login@77e7246b]" started-at="2025-04-11T16:03:36 ICT" name="beforeClass" finished-at="2025-04-11T16:03:38 ICT" duration-ms="2121" status="PASS">
          <params>
            <param index="0">
              <value>
                <![CDATA[local]]>
              </value>
            </param>
            <param index="1">
              <value>
                <![CDATA[test]]>
              </value>
            </param>
            <param index="2">
              <value>
                <![CDATA[chrome]]>
              </value>
            </param>
            <param index="3">
              <value>
                <![CDATA[localhost]]>
              </value>
            </param>
            <param index="4">
              <value>
                <![CDATA[4444]]>
              </value>
            </param>
            <param index="5">
              <value>
                <![CDATA[windows]]>
              </value>
            </param>
            <param index="6">
              <value>
                <![CDATA[10]]>
              </value>
            </param>
            <param index="7">
              <value>
                <![CDATA[local]]>
              </value>
            </param>
          </params>
          <reporter-output>
          </reporter-output>
        </test-method> <!-- beforeClass -->
        <test-method signature="TC_01_Login_Page_Not_User()[pri:0, instance:com.OrangeHRM.admin.Login@77e7246b]" started-at="2025-04-11T16:03:38 ICT" name="TC_01_Login_Page_Not_User" finished-at="2025-04-11T16:03:39 ICT" duration-ms="811" status="PASS">
          <reporter-output>
          </reporter-output>
        </test-method> <!-- TC_01_Login_Page_Not_User -->
        <test-method signature="TC_02_Login_Page_Not_Password()[pri:0, instance:com.OrangeHRM.admin.Login@77e7246b]" started-at="2025-04-11T16:03:39 ICT" name="TC_02_Login_Page_Not_Password" finished-at="2025-04-11T16:03:40 ICT" duration-ms="1084" status="PASS">
          <reporter-output>
          </reporter-output>
        </test-method> <!-- TC_02_Login_Page_Not_Password -->
        <test-method signature="TC_03_Login_Page_Wrong_User()[pri:0, instance:com.OrangeHRM.admin.Login@77e7246b]" started-at="2025-04-11T16:03:40 ICT" name="TC_03_Login_Page_Wrong_User" finished-at="2025-04-11T16:03:42 ICT" duration-ms="1845" status="PASS">
          <reporter-output>
          </reporter-output>
        </test-method> <!-- TC_03_Login_Page_Wrong_User -->
        <test-method signature="TC_04_Login_Page_Wrong_Password()[pri:0, instance:com.OrangeHRM.admin.Login@77e7246b]" started-at="2025-04-11T16:03:42 ICT" name="TC_04_Login_Page_Wrong_Password" finished-at="2025-04-11T16:03:44 ICT" duration-ms="2201" status="PASS">
          <reporter-output>
          </reporter-output>
        </test-method> <!-- TC_04_Login_Page_Wrong_Password -->
        <test-method signature="TC_05_Login_Page_Successfull()[pri:0, instance:com.OrangeHRM.admin.Login@77e7246b]" started-at="2025-04-11T16:03:44 ICT" name="TC_05_Login_Page_Successfull" finished-at="2025-04-11T16:03:45 ICT" duration-ms="972" status="PASS">
          <reporter-output>
          </reporter-output>
        </test-method> <!-- TC_05_Login_Page_Successfull -->
        <test-method is-config="true" signature="afterClass()[pri:0, instance:com.OrangeHRM.admin.Login@77e7246b]" started-at="2025-04-11T16:03:45 ICT" name="afterClass" finished-at="2025-04-11T16:03:47 ICT" duration-ms="1459" status="PASS">
          <reporter-output>
          </reporter-output>
        </test-method> <!-- afterClass -->
      </class> <!-- com.OrangeHRM.admin.Login -->
      <class name="com.OrangeHRM.pim.AddEmployee">
        <test-method is-config="true" signature="beforeClass(java.lang.String,java.lang.String,java.lang.String,java.lang.String,java.lang.String,java.lang.String,java.lang.String,java.lang.String)[pri:0, instance:com.OrangeHRM.pim.AddEmployee@5918c260]" started-at="2025-04-11T16:03:47 ICT" name="beforeClass" finished-at="2025-04-11T16:03:57 ICT" duration-ms="10447" status="PASS">
          <params>
            <param index="0">
              <value>
                <![CDATA[local]]>
              </value>
            </param>
            <param index="1">
              <value>
                <![CDATA[test]]>
              </value>
            </param>
            <param index="2">
              <value>
                <![CDATA[chrome]]>
              </value>
            </param>
            <param index="3">
              <value>
                <![CDATA[localhost]]>
              </value>
            </param>
            <param index="4">
              <value>
                <![CDATA[4444]]>
              </value>
            </param>
            <param index="5">
              <value>
                <![CDATA[windows]]>
              </value>
            </param>
            <param index="6">
              <value>
                <![CDATA[10]]>
              </value>
            </param>
            <param index="7">
              <value>
                <![CDATA[local]]>
              </value>
            </param>
          </params>
          <reporter-output>
          </reporter-output>
        </test-method> <!-- beforeClass -->
        <test-method signature="TC_01_Creat_New_Employee()[pri:0, instance:com.OrangeHRM.pim.AddEmployee@5918c260]" started-at="2025-04-11T16:03:57 ICT" name="TC_01_Creat_New_Employee" finished-at="2025-04-11T16:04:05 ICT" duration-ms="7465" status="PASS">
          <reporter-output>
          </reporter-output>
        </test-method> <!-- TC_01_Creat_New_Employee -->
        <test-method is-config="true" signature="afterClass()[pri:0, instance:com.OrangeHRM.pim.AddEmployee@5918c260]" started-at="2025-04-11T16:04:05 ICT" name="afterClass" finished-at="2025-04-11T16:04:05 ICT" duration-ms="330" status="PASS">
          <reporter-output>
          </reporter-output>
        </test-method> <!-- afterClass -->
      </class> <!-- com.OrangeHRM.pim.AddEmployee -->
    </test> <!-- Run On CHROME -->
  </suite> <!-- OrangeHRM -->
</testng-results>
