<?xml version="1.0" encoding="UTF-8"?>
<testsuite name="Run On CHROME"
           tests="5"
           failures="0"
           errors="0"
           skipped="0"
           time="6,810">
  <properties />
  
  
            <testcase name="TC_01_Login_Page_Not_User" time="1,124" classname="com.OrangeHRM.admin.Login" />
                <testcase name="TC_02_Login_Page_Not_Password" time="0,945" classname="com.OrangeHRM.admin.Login" />
                <testcase name="TC_04_Login_Page_Wrong_Password" time="2,075" classname="com.OrangeHRM.admin.Login" />
                <testcase name="TC_03_Login_Page_Wrong_User" time="1,788" classname="com.OrangeHRM.admin.Login" />
                <testcase name="TC_05_Login_Page_Successfull" time="0,878" classname="com.OrangeHRM.admin.Login" />
      
</testsuite>
